[debug] [2021-02-25T05:44:10.134Z] ----------------------------------------------------------------------
[debug] [2021-02-25T05:44:10.136Z] Command:       C:\Program Files\nodejs\node.exe C:\Users\Rozag\AppData\Roaming\npm\node_modules\firebase-tools\lib\bin\firebase.js emulators:start
[debug] [2021-02-25T05:44:10.136Z] CLI Version:   9.4.0
[debug] [2021-02-25T05:44:10.136Z] Platform:      win32
[debug] [2021-02-25T05:44:10.136Z] Node Version:  v14.15.4
[debug] [2021-02-25T05:44:10.138Z] Time:          Thu Feb 25 2021 00:44:10 GMT-0500 (Eastern Standard Time)
[debug] [2021-02-25T05:44:10.138Z] ----------------------------------------------------------------------
[debug] [2021-02-25T05:44:10.138Z] 
[debug] [2021-02-25T05:44:10.145Z] > command requires scopes: ["email","openid","https://www.googleapis.com/auth/cloudplatformprojects.readonly","https://www.googleapis.com/auth/firebase","https://www.googleapis.com/auth/cloud-platform"]
[debug] [2021-02-25T05:44:10.145Z] > authorizing via signed-in user
[info] i  emulators: Starting emulators: functions {"metadata":{"emulator":{"name":"hub"},"message":"Starting emulators: functions"}}
[debug] [2021-02-25T05:44:10.167Z] [hub] writing locator at C:\Users\Rozag\AppData\Local\Temp\hub-clone-46817.json
[warn] !  functions: The following emulators are not running, calls to these services from the Functions emulator will affect production: auth, firestore, database, hosting, pubsub {"metadata":{"emulator":{"name":"functions"},"message":"The following emulators are not running, calls to these services from the Functions emulator will affect production: \u001b[1mauth, firestore, database, hosting, pubsub\u001b[22m"}}
[warn] !  Your requested "node" version "12" doesn't match your global version "14" {"metadata":{"emulator":{"name":"functions"},"message":"Your requested \"node\" version \"12\" doesn't match your global version \"14\""}}
[debug] [2021-02-25T05:44:10.208Z] defaultcredentials: writing to file C:\Users\Rozag\AppData\Roaming\firebase\rozagudina6_gmail_com_application_default_credentials.json
[debug] [2021-02-25T05:44:10.209Z] Setting GAC to C:\Users\Rozag\AppData\Roaming\firebase\rozagudina6_gmail_com_application_default_credentials.json {"metadata":{"emulator":{"name":"functions"},"message":"Setting GAC to C:\\Users\\Rozag\\AppData\\Roaming\\firebase\\rozagudina6_gmail_com_application_default_credentials.json"}}
[debug] [2021-02-25T05:44:10.211Z] >>> [apiv2][query] GET https://firebase.googleapis.com/v1beta1/projects/clone-46817/adminSdkConfig [none]
[debug] [2021-02-25T05:44:11.853Z] <<< [apiv2][status] GET https://firebase.googleapis.com/v1beta1/projects/clone-46817/adminSdkConfig 200
[debug] [2021-02-25T05:44:11.853Z] <<< [apiv2][body] GET https://firebase.googleapis.com/v1beta1/projects/clone-46817/adminSdkConfig {"projectId":"clone-46817","storageBucket":"clone-46817.appspot.com"}
[warn] !  ui: Emulator UI unable to start on port 4000, starting on 4001 instead. {"metadata":{"emulator":{"name":"ui"},"message":"Emulator UI unable to start on port 4000, starting on 4001 instead."}}
[debug] [2021-02-25T05:44:11.880Z] Ignoring unsupported arg: auto_download {"metadata":{"emulator":{"name":"ui"},"message":"Ignoring unsupported arg: auto_download"}}
[debug] [2021-02-25T05:44:11.880Z] Ignoring unsupported arg: port {"metadata":{"emulator":{"name":"ui"},"message":"Ignoring unsupported arg: port"}}
[debug] [2021-02-25T05:44:11.881Z] Starting Emulator UI with command {"binary":"node","args":["C:\\Users\\Rozag\\.cache\\firebase\\emulators\\ui-v1.4.1\\server.bundle.js"],"optionalArgs":[],"joinArgs":false} {"metadata":{"emulator":{"name":"ui"},"message":"Starting Emulator UI with command {\"binary\":\"node\",\"args\":[\"C:\\\\Users\\\\Rozag\\\\.cache\\\\firebase\\\\emulators\\\\ui-v1.4.1\\\\server.bundle.js\"],\"optionalArgs\":[],\"joinArgs\":false}"}}
[info] i  ui: Emulator UI logging to ui-debug.log {"metadata":{"emulator":{"name":"ui"},"message":"Emulator UI logging to \u001b[1mui-debug.log\u001b[22m"}}
[debug] [2021-02-25T05:44:11.975Z] Web / API server started at http://localhost:4001
 {"metadata":{"emulator":{"name":"ui"},"message":"Web / API server started at http://localhost:4001\n"}}
[info] i  functions: Watching "C:\Users\Rozag\OneDrive\Desktop\Amazon-clone\amazon-clone\functions" for Cloud Functions... {"metadata":{"emulator":{"name":"functions"},"message":"Watching \"C:\\Users\\Rozag\\OneDrive\\Desktop\\Amazon-clone\\amazon-clone\\functions\" for Cloud Functions..."}}
[debug] [2021-02-25T05:44:12.151Z] [worker-pool] addWorker(~diagnostic~) {"metadata":{"emulator":{"name":"functions"},"message":"[worker-pool] addWorker(~diagnostic~)"}}
[debug] [2021-02-25T05:44:12.151Z] [worker-pool] Adding worker with key ~diagnostic~, total=1 {"metadata":{"emulator":{"name":"functions"},"message":"[worker-pool] Adding worker with key ~diagnostic~, total=1"}}
[debug] [2021-02-25T05:44:12.152Z] [worker-pool] submitWork(triggerId=) {"metadata":{"emulator":{"name":"functions"},"message":"[worker-pool] submitWork(triggerId=)"}}
[debug] [2021-02-25T05:44:12.152Z] [worker-~diagnostic~-9dd7e716-59d6-42bb-b09e-947b9eefa628]: Assigning socketPath: \\?\pipe\C:\Users\Rozag\OneDrive\Desktop\Amazon-clone\amazon-clone\functions\34332 {"metadata":{"emulator":{"name":"functions"},"message":"[worker-~diagnostic~-9dd7e716-59d6-42bb-b09e-947b9eefa628]: Assigning socketPath: \\\\?\\pipe\\C:\\Users\\Rozag\\OneDrive\\Desktop\\Amazon-clone\\amazon-clone\\functions\\34332"}}
[debug] [2021-02-25T05:44:12.152Z] [worker-~diagnostic~-9dd7e716-59d6-42bb-b09e-947b9eefa628]: BUSY {"metadata":{"emulator":{"name":"functions"},"message":"[worker-~diagnostic~-9dd7e716-59d6-42bb-b09e-947b9eefa628]: BUSY"}}
[debug] [2021-02-25T05:44:12.320Z] [runtime-status] [34332] Functions runtime initialized. {"cwd":"C:\\Users\\Rozag\\OneDrive\\Desktop\\Amazon-clone\\amazon-clone\\functions","node_version":"14.15.4"} {"metadata":{"emulator":{"name":"functions"},"message":"[runtime-status] [34332] Functions runtime initialized. {\"cwd\":\"C:\\\\Users\\\\Rozag\\\\OneDrive\\\\Desktop\\\\Amazon-clone\\\\amazon-clone\\\\functions\",\"node_version\":\"14.15.4\"}"}}
[debug] [2021-02-25T05:44:12.321Z] [runtime-status] [34332] Disabled runtime features: undefined {"metadata":{"emulator":{"name":"functions"},"message":"[runtime-status] [34332] Disabled runtime features: undefined"}}
[debug] [2021-02-25T05:44:12.326Z] [runtime-status] [34332] Resolved module firebase-admin {"declared":true,"installed":true,"version":"9.5.0","resolution":"C:\\Users\\Rozag\\OneDrive\\Desktop\\Amazon-clone\\amazon-clone\\functions\\node_modules\\firebase-admin\\lib\\index.js"} {"metadata":{"emulator":{"name":"functions"},"message":"[runtime-status] [34332] Resolved module firebase-admin {\"declared\":true,\"installed\":true,\"version\":\"9.5.0\",\"resolution\":\"C:\\\\Users\\\\Rozag\\\\OneDrive\\\\Desktop\\\\Amazon-clone\\\\amazon-clone\\\\functions\\\\node_modules\\\\firebase-admin\\\\lib\\\\index.js\"}"}}
[debug] [2021-02-25T05:44:12.328Z] [runtime-status] [34332] Resolved module firebase-functions {"declared":true,"installed":true,"version":"3.13.2","resolution":"C:\\Users\\Rozag\\OneDrive\\Desktop\\Amazon-clone\\amazon-clone\\functions\\node_modules\\firebase-functions\\lib\\index.js"} {"metadata":{"emulator":{"name":"functions"},"message":"[runtime-status] [34332] Resolved module firebase-functions {\"declared\":true,\"installed\":true,\"version\":\"3.13.2\",\"resolution\":\"C:\\\\Users\\\\Rozag\\\\OneDrive\\\\Desktop\\\\Amazon-clone\\\\amazon-clone\\\\functions\\\\node_modules\\\\firebase-functions\\\\lib\\\\index.js\"}"}}
[debug] [2021-02-25T05:44:12.330Z] [runtime-status] [34332] Resolved module firebase-functions {"declared":true,"installed":true,"version":"3.13.2","resolution":"C:\\Users\\Rozag\\OneDrive\\Desktop\\Amazon-clone\\amazon-clone\\functions\\node_modules\\firebase-functions\\lib\\index.js"} {"metadata":{"emulator":{"name":"functions"},"message":"[runtime-status] [34332] Resolved module firebase-functions {\"declared\":true,\"installed\":true,\"version\":\"3.13.2\",\"resolution\":\"C:\\\\Users\\\\Rozag\\\\OneDrive\\\\Desktop\\\\Amazon-clone\\\\amazon-clone\\\\functions\\\\node_modules\\\\firebase-functions\\\\lib\\\\index.js\"}"}}
[debug] [2021-02-25T05:44:12.331Z] [runtime-status] [34332] Outgoing network have been stubbed. [{"name":"http","status":"mocked"},{"name":"http","status":"mocked"},{"name":"https","status":"mocked"},{"name":"https","status":"mocked"},{"name":"net","status":"mocked"}] {"metadata":{"emulator":{"name":"functions"},"message":"[runtime-status] [34332] Outgoing network have been stubbed. [{\"name\":\"http\",\"status\":\"mocked\"},{\"name\":\"http\",\"status\":\"mocked\"},{\"name\":\"https\",\"status\":\"mocked\"},{\"name\":\"https\",\"status\":\"mocked\"},{\"name\":\"net\",\"status\":\"mocked\"}]"}}
[debug] [2021-02-25T05:44:12.332Z] [runtime-status] [34332] Resolved module firebase-functions {"declared":true,"installed":true,"version":"3.13.2","resolution":"C:\\Users\\Rozag\\OneDrive\\Desktop\\Amazon-clone\\amazon-clone\\functions\\node_modules\\firebase-functions\\lib\\index.js"} {"metadata":{"emulator":{"name":"functions"},"message":"[runtime-status] [34332] Resolved module firebase-functions {\"declared\":true,\"installed\":true,\"version\":\"3.13.2\",\"resolution\":\"C:\\\\Users\\\\Rozag\\\\OneDrive\\\\Desktop\\\\Amazon-clone\\\\amazon-clone\\\\functions\\\\node_modules\\\\firebase-functions\\\\lib\\\\index.js\"}"}}
[debug] [2021-02-25T05:44:12.388Z] [runtime-status] [34332] Checked functions.config() {"config":{}} {"metadata":{"emulator":{"name":"functions"},"message":"[runtime-status] [34332] Checked functions.config() {\"config\":{}}"}}
[debug] [2021-02-25T05:44:12.389Z] [runtime-status] [34332] firebase-functions has been stubbed. {"functionsResolution":{"declared":true,"installed":true,"version":"3.13.2","resolution":"C:\\Users\\Rozag\\OneDrive\\Desktop\\Amazon-clone\\amazon-clone\\functions\\node_modules\\firebase-functions\\lib\\index.js"}} {"metadata":{"emulator":{"name":"functions"},"message":"[runtime-status] [34332] firebase-functions has been stubbed. {\"functionsResolution\":{\"declared\":true,\"installed\":true,\"version\":\"3.13.2\",\"resolution\":\"C:\\\\Users\\\\Rozag\\\\OneDrive\\\\Desktop\\\\Amazon-clone\\\\amazon-clone\\\\functions\\\\node_modules\\\\firebase-functions\\\\lib\\\\index.js\"}}"}}
[debug] [2021-02-25T05:44:12.389Z] [runtime-status] [34332] Resolved module firebase-functions {"declared":true,"installed":true,"version":"3.13.2","resolution":"C:\\Users\\Rozag\\OneDrive\\Desktop\\Amazon-clone\\amazon-clone\\functions\\node_modules\\firebase-functions\\lib\\index.js"} {"metadata":{"emulator":{"name":"functions"},"message":"[runtime-status] [34332] Resolved module firebase-functions {\"declared\":true,\"installed\":true,\"version\":\"3.13.2\",\"resolution\":\"C:\\\\Users\\\\Rozag\\\\OneDrive\\\\Desktop\\\\Amazon-clone\\\\amazon-clone\\\\functions\\\\node_modules\\\\firebase-functions\\\\lib\\\\index.js\"}"}}
[debug] [2021-02-25T05:44:12.390Z] [runtime-status] [34332] Resolved module firebase-admin {"declared":true,"installed":true,"version":"9.5.0","resolution":"C:\\Users\\Rozag\\OneDrive\\Desktop\\Amazon-clone\\amazon-clone\\functions\\node_modules\\firebase-admin\\lib\\index.js"} {"metadata":{"emulator":{"name":"functions"},"message":"[runtime-status] [34332] Resolved module firebase-admin {\"declared\":true,\"installed\":true,\"version\":\"9.5.0\",\"resolution\":\"C:\\\\Users\\\\Rozag\\\\OneDrive\\\\Desktop\\\\Amazon-clone\\\\amazon-clone\\\\functions\\\\node_modules\\\\firebase-admin\\\\lib\\\\index.js\"}"}}
[debug] [2021-02-25T05:44:12.390Z] [runtime-status] [34332] Resolved module firebase-functions {"declared":true,"installed":true,"version":"3.13.2","resolution":"C:\\Users\\Rozag\\OneDrive\\Desktop\\Amazon-clone\\amazon-clone\\functions\\node_modules\\firebase-functions\\lib\\index.js"} {"metadata":{"emulator":{"name":"functions"},"message":"[runtime-status] [34332] Resolved module firebase-functions {\"declared\":true,\"installed\":true,\"version\":\"3.13.2\",\"resolution\":\"C:\\\\Users\\\\Rozag\\\\OneDrive\\\\Desktop\\\\Amazon-clone\\\\amazon-clone\\\\functions\\\\node_modules\\\\firebase-functions\\\\lib\\\\index.js\"}"}}
[debug] [2021-02-25T05:44:12.390Z] [runtime-status] [34332] firebase-admin has been stubbed. {"adminResolution":{"declared":true,"installed":true,"version":"9.5.0","resolution":"C:\\Users\\Rozag\\OneDrive\\Desktop\\Amazon-clone\\amazon-clone\\functions\\node_modules\\firebase-admin\\lib\\index.js"}} {"metadata":{"emulator":{"name":"functions"},"message":"[runtime-status] [34332] firebase-admin has been stubbed. {\"adminResolution\":{\"declared\":true,\"installed\":true,\"version\":\"9.5.0\",\"resolution\":\"C:\\\\Users\\\\Rozag\\\\OneDrive\\\\Desktop\\\\Amazon-clone\\\\amazon-clone\\\\functions\\\\node_modules\\\\firebase-admin\\\\lib\\\\index.js\"}}"}}
[info] +  functions[api]: http function initialized (http://localhost:5001/clone-46817/us-central1/api). {"metadata":{"emulator":{"name":"functions"},"message":"\u001b[1mhttp\u001b[22m function initialized (http://localhost:5001/clone-46817/us-central1/api)."}}
[info] 
┌─────────────────────────────────────────────────────────────┐
│ ✔  All emulators ready! It is now safe to connect your app. │
│ i  View Emulator UI at http://localhost:4001                │
└─────────────────────────────────────────────────────────────┘

┌───────────┬────────────────┬─────────────────────────────────┐
│ Emulator  │ Host:Port      │ View in Emulator UI             │
├───────────┼────────────────┼─────────────────────────────────┤
│ Functions │ localhost:5001 │ http://localhost:4001/functions │
└───────────┴────────────────┴─────────────────────────────────┘
  Emulator Hub running at localhost:4400
  Other reserved ports: 4500

Issues? Report them at https://github.com/firebase/firebase-tools/issues and attach the *-debug.log files.
 
[debug] [2021-02-25T05:44:12.660Z] [worker-~diagnostic~-9dd7e716-59d6-42bb-b09e-947b9eefa628]: IDLE {"metadata":{"emulator":{"name":"functions"},"message":"[worker-~diagnostic~-9dd7e716-59d6-42bb-b09e-947b9eefa628]: IDLE"}}
[debug] [2021-02-25T05:45:19.981Z] [work-queue] {"queueLength":1,"workRunningCount":0}
[debug] [2021-02-25T05:45:19.981Z] [work-queue] {"queueLength":0,"workRunningCount":1}
[debug] [2021-02-25T05:45:19.981Z] Accepted request GET /clone-46817/us-central1/api --> api
[debug] [2021-02-25T05:45:19.985Z] [worker-pool] addWorker(api) {"metadata":{"emulator":{"name":"functions"},"message":"[worker-pool] addWorker(api)"}}
[debug] [2021-02-25T05:45:19.985Z] [worker-pool] Adding worker with key api, total=1 {"metadata":{"emulator":{"name":"functions"},"message":"[worker-pool] Adding worker with key api, total=1"}}
[debug] [2021-02-25T05:45:19.986Z] [worker-pool] submitWork(triggerId=api) {"metadata":{"emulator":{"name":"functions"},"message":"[worker-pool] submitWork(triggerId=api)"}}
[debug] [2021-02-25T05:45:19.986Z] [worker-api-d0a93914-de2d-4e30-92de-0626e2a11046]: Assigning socketPath: \\?\pipe\C:\Users\Rozag\OneDrive\Desktop\Amazon-clone\amazon-clone\functions\22164 {"metadata":{"emulator":{"name":"functions"},"message":"[worker-api-d0a93914-de2d-4e30-92de-0626e2a11046]: Assigning socketPath: \\\\?\\pipe\\C:\\Users\\Rozag\\OneDrive\\Desktop\\Amazon-clone\\amazon-clone\\functions\\22164"}}
[debug] [2021-02-25T05:45:19.986Z] [worker-api-d0a93914-de2d-4e30-92de-0626e2a11046]: BUSY {"metadata":{"emulator":{"name":"functions"},"message":"[worker-api-d0a93914-de2d-4e30-92de-0626e2a11046]: BUSY"}}
[debug] [2021-02-25T05:45:20.186Z] [runtime-status] [22164] Functions runtime initialized. {"cwd":"C:\\Users\\Rozag\\OneDrive\\Desktop\\Amazon-clone\\amazon-clone\\functions","node_version":"14.15.4"} {"metadata":{"emulator":{"name":"functions"},"function":{"name":"api"},"message":"[runtime-status] [22164] Functions runtime initialized. {\"cwd\":\"C:\\\\Users\\\\Rozag\\\\OneDrive\\\\Desktop\\\\Amazon-clone\\\\amazon-clone\\\\functions\",\"node_version\":\"14.15.4\"}"}}
[debug] [2021-02-25T05:45:20.189Z] [runtime-status] [22164] Disabled runtime features: undefined {"metadata":{"emulator":{"name":"functions"},"function":{"name":"api"},"message":"[runtime-status] [22164] Disabled runtime features: undefined"}}
[debug] [2021-02-25T05:45:20.191Z] [runtime-status] [22164] Resolved module firebase-admin {"declared":true,"installed":true,"version":"9.5.0","resolution":"C:\\Users\\Rozag\\OneDrive\\Desktop\\Amazon-clone\\amazon-clone\\functions\\node_modules\\firebase-admin\\lib\\index.js"} {"metadata":{"emulator":{"name":"functions"},"function":{"name":"api"},"message":"[runtime-status] [22164] Resolved module firebase-admin {\"declared\":true,\"installed\":true,\"version\":\"9.5.0\",\"resolution\":\"C:\\\\Users\\\\Rozag\\\\OneDrive\\\\Desktop\\\\Amazon-clone\\\\amazon-clone\\\\functions\\\\node_modules\\\\firebase-admin\\\\lib\\\\index.js\"}"}}
[debug] [2021-02-25T05:45:20.193Z] [runtime-status] [22164] Resolved module firebase-functions {"declared":true,"installed":true,"version":"3.13.2","resolution":"C:\\Users\\Rozag\\OneDrive\\Desktop\\Amazon-clone\\amazon-clone\\functions\\node_modules\\firebase-functions\\lib\\index.js"} {"metadata":{"emulator":{"name":"functions"},"function":{"name":"api"},"message":"[runtime-status] [22164] Resolved module firebase-functions {\"declared\":true,\"installed\":true,\"version\":\"3.13.2\",\"resolution\":\"C:\\\\Users\\\\Rozag\\\\OneDrive\\\\Desktop\\\\Amazon-clone\\\\amazon-clone\\\\functions\\\\node_modules\\\\firebase-functions\\\\lib\\\\index.js\"}"}}
[debug] [2021-02-25T05:45:20.194Z] [runtime-status] [22164] Resolved module firebase-functions {"declared":true,"installed":true,"version":"3.13.2","resolution":"C:\\Users\\Rozag\\OneDrive\\Desktop\\Amazon-clone\\amazon-clone\\functions\\node_modules\\firebase-functions\\lib\\index.js"} {"metadata":{"emulator":{"name":"functions"},"function":{"name":"api"},"message":"[runtime-status] [22164] Resolved module firebase-functions {\"declared\":true,\"installed\":true,\"version\":\"3.13.2\",\"resolution\":\"C:\\\\Users\\\\Rozag\\\\OneDrive\\\\Desktop\\\\Amazon-clone\\\\amazon-clone\\\\functions\\\\node_modules\\\\firebase-functions\\\\lib\\\\index.js\"}"}}
[debug] [2021-02-25T05:45:20.196Z] [runtime-status] [22164] Outgoing network have been stubbed. [{"name":"http","status":"mocked"},{"name":"http","status":"mocked"},{"name":"https","status":"mocked"},{"name":"https","status":"mocked"},{"name":"net","status":"mocked"}] {"metadata":{"emulator":{"name":"functions"},"function":{"name":"api"},"message":"[runtime-status] [22164] Outgoing network have been stubbed. [{\"name\":\"http\",\"status\":\"mocked\"},{\"name\":\"http\",\"status\":\"mocked\"},{\"name\":\"https\",\"status\":\"mocked\"},{\"name\":\"https\",\"status\":\"mocked\"},{\"name\":\"net\",\"status\":\"mocked\"}]"}}
[debug] [2021-02-25T05:45:20.196Z] [runtime-status] [22164] Resolved module firebase-functions {"declared":true,"installed":true,"version":"3.13.2","resolution":"C:\\Users\\Rozag\\OneDrive\\Desktop\\Amazon-clone\\amazon-clone\\functions\\node_modules\\firebase-functions\\lib\\index.js"} {"metadata":{"emulator":{"name":"functions"},"function":{"name":"api"},"message":"[runtime-status] [22164] Resolved module firebase-functions {\"declared\":true,\"installed\":true,\"version\":\"3.13.2\",\"resolution\":\"C:\\\\Users\\\\Rozag\\\\OneDrive\\\\Desktop\\\\Amazon-clone\\\\amazon-clone\\\\functions\\\\node_modules\\\\firebase-functions\\\\lib\\\\index.js\"}"}}
[debug] [2021-02-25T05:45:20.236Z] [runtime-status] [22164] Checked functions.config() {"config":{}} {"metadata":{"emulator":{"name":"functions"},"function":{"name":"api"},"message":"[runtime-status] [22164] Checked functions.config() {\"config\":{}}"}}
[debug] [2021-02-25T05:45:20.236Z] [runtime-status] [22164] firebase-functions has been stubbed. {"functionsResolution":{"declared":true,"installed":true,"version":"3.13.2","resolution":"C:\\Users\\Rozag\\OneDrive\\Desktop\\Amazon-clone\\amazon-clone\\functions\\node_modules\\firebase-functions\\lib\\index.js"}} {"metadata":{"emulator":{"name":"functions"},"function":{"name":"api"},"message":"[runtime-status] [22164] firebase-functions has been stubbed. {\"functionsResolution\":{\"declared\":true,\"installed\":true,\"version\":\"3.13.2\",\"resolution\":\"C:\\\\Users\\\\Rozag\\\\OneDrive\\\\Desktop\\\\Amazon-clone\\\\amazon-clone\\\\functions\\\\node_modules\\\\firebase-functions\\\\lib\\\\index.js\"}}"}}
[debug] [2021-02-25T05:45:20.236Z] [runtime-status] [22164] Resolved module firebase-functions {"declared":true,"installed":true,"version":"3.13.2","resolution":"C:\\Users\\Rozag\\OneDrive\\Desktop\\Amazon-clone\\amazon-clone\\functions\\node_modules\\firebase-functions\\lib\\index.js"} {"metadata":{"emulator":{"name":"functions"},"function":{"name":"api"},"message":"[runtime-status] [22164] Resolved module firebase-functions {\"declared\":true,\"installed\":true,\"version\":\"3.13.2\",\"resolution\":\"C:\\\\Users\\\\Rozag\\\\OneDrive\\\\Desktop\\\\Amazon-clone\\\\amazon-clone\\\\functions\\\\node_modules\\\\firebase-functions\\\\lib\\\\index.js\"}"}}
[debug] [2021-02-25T05:45:20.237Z] [runtime-status] [22164] Resolved module firebase-admin {"declared":true,"installed":true,"version":"9.5.0","resolution":"C:\\Users\\Rozag\\OneDrive\\Desktop\\Amazon-clone\\amazon-clone\\functions\\node_modules\\firebase-admin\\lib\\index.js"} {"metadata":{"emulator":{"name":"functions"},"function":{"name":"api"},"message":"[runtime-status] [22164] Resolved module firebase-admin {\"declared\":true,\"installed\":true,\"version\":\"9.5.0\",\"resolution\":\"C:\\\\Users\\\\Rozag\\\\OneDrive\\\\Desktop\\\\Amazon-clone\\\\amazon-clone\\\\functions\\\\node_modules\\\\firebase-admin\\\\lib\\\\index.js\"}"}}
[debug] [2021-02-25T05:45:20.237Z] [runtime-status] [22164] Resolved module firebase-functions {"declared":true,"installed":true,"version":"3.13.2","resolution":"C:\\Users\\Rozag\\OneDrive\\Desktop\\Amazon-clone\\amazon-clone\\functions\\node_modules\\firebase-functions\\lib\\index.js"} {"metadata":{"emulator":{"name":"functions"},"function":{"name":"api"},"message":"[runtime-status] [22164] Resolved module firebase-functions {\"declared\":true,\"installed\":true,\"version\":\"3.13.2\",\"resolution\":\"C:\\\\Users\\\\Rozag\\\\OneDrive\\\\Desktop\\\\Amazon-clone\\\\amazon-clone\\\\functions\\\\node_modules\\\\firebase-functions\\\\lib\\\\index.js\"}"}}
[debug] [2021-02-25T05:45:20.237Z] [runtime-status] [22164] firebase-admin has been stubbed. {"adminResolution":{"declared":true,"installed":true,"version":"9.5.0","resolution":"C:\\Users\\Rozag\\OneDrive\\Desktop\\Amazon-clone\\amazon-clone\\functions\\node_modules\\firebase-admin\\lib\\index.js"}} {"metadata":{"emulator":{"name":"functions"},"function":{"name":"api"},"message":"[runtime-status] [22164] firebase-admin has been stubbed. {\"adminResolution\":{\"declared\":true,\"installed\":true,\"version\":\"9.5.0\",\"resolution\":\"C:\\\\Users\\\\Rozag\\\\OneDrive\\\\Desktop\\\\Amazon-clone\\\\amazon-clone\\\\functions\\\\node_modules\\\\firebase-admin\\\\lib\\\\index.js\"}}"}}
[debug] [2021-02-25T05:45:20.382Z] [runtime-status] [22164] Trigger "api" has been found, beginning invocation! {"metadata":{"emulator":{"name":"functions"},"function":{"name":"api"},"message":"[runtime-status] [22164] Trigger \"api\" has been found, beginning invocation!"}}
[info] i  functions: Beginning execution of "api" {"metadata":{"emulator":{"name":"functions"},"function":{"name":"api"},"message":"Beginning execution of \"api\""}}
[debug] [2021-02-25T05:45:20.382Z] [runtime-status] [22164] triggerDefinition {"httpsTrigger":{},"name":"api","entryPoint":"api"} {"metadata":{"emulator":{"name":"functions"},"function":{"name":"api"},"message":"[runtime-status] [22164] triggerDefinition {\"httpsTrigger\":{},\"name\":\"api\",\"entryPoint\":\"api\"}"}}
[debug] [2021-02-25T05:45:20.383Z] [runtime-status] [22164] Running api in mode HTTPS {"metadata":{"emulator":{"name":"functions"},"function":{"name":"api"},"message":"[runtime-status] [22164] Running api in mode HTTPS"}}
[debug] [2021-02-25T05:45:20.385Z] [runtime-status] [22164] Attempting to listen to socketPath: \\?\pipe\C:\Users\Rozag\OneDrive\Desktop\Amazon-clone\amazon-clone\functions\22164 {"metadata":{"emulator":{"name":"functions"},"function":{"name":"api"},"message":"[runtime-status] [22164] Attempting to listen to socketPath: \\\\?\\pipe\\C:\\Users\\Rozag\\OneDrive\\Desktop\\Amazon-clone\\amazon-clone\\functions\\22164"}}
[debug] [2021-02-25T05:45:20.387Z] [functions] Runtime ready! Sending request! {"metadata":{"emulator":{"name":"functions"},"message":"[functions] Runtime ready! Sending request!"}}
[debug] [2021-02-25T05:45:20.388Z] [functions] Got req.url=/clone-46817/us-central1/api, mapping to path=/ {"metadata":{"emulator":{"name":"functions"},"message":"[functions] Got req.url=/clone-46817/us-central1/api, mapping to path=/"}}
[debug] [2021-02-25T05:45:20.395Z] [runtime-status] [22164] Ephemeral server handling GET request {"metadata":{"emulator":{"name":"functions"},"function":{"name":"api"},"message":"[runtime-status] [22164] Ephemeral server handling GET request"}}
[debug] [2021-02-25T05:45:20.400Z] [runtime-status] [22164] Ephemeral server survived. {"metadata":{"emulator":{"name":"functions"},"function":{"name":"api"},"message":"[runtime-status] [22164] Ephemeral server survived."}}
[info] i  functions: Finished "api" in ~1s {"metadata":{"emulator":{"name":"functions"},"function":{"name":"api"},"message":"Finished \"api\" in ~1s"}}
[debug] [2021-02-25T05:45:20.403Z] [worker-api-d0a93914-de2d-4e30-92de-0626e2a11046]: IDLE {"metadata":{"emulator":{"name":"functions"},"message":"[worker-api-d0a93914-de2d-4e30-92de-0626e2a11046]: IDLE"}}
[debug] [2021-02-25T05:45:20.403Z] [work-queue] {"queueLength":0,"workRunningCount":0}
[debug] [2021-02-25T05:45:39.287Z] [work-queue] {"queueLength":1,"workRunningCount":0}
[debug] [2021-02-25T05:45:39.287Z] [work-queue] {"queueLength":0,"workRunningCount":1}
[debug] [2021-02-25T05:45:39.287Z] Accepted request POST /clone-46817/us-central1/api/payments/create?total=297098 --> api
[debug] [2021-02-25T05:45:39.287Z] [worker-pool] submitWork(triggerId=api) {"metadata":{"emulator":{"name":"functions"},"message":"[worker-pool] submitWork(triggerId=api)"}}
[debug] [2021-02-25T05:45:39.287Z] [worker-api-d0a93914-de2d-4e30-92de-0626e2a11046]: Assigning socketPath: \\?\pipe\C:\Users\Rozag\OneDrive\Desktop\Amazon-clone\amazon-clone\functions\22164 {"metadata":{"emulator":{"name":"functions"},"message":"[worker-api-d0a93914-de2d-4e30-92de-0626e2a11046]: Assigning socketPath: \\\\?\\pipe\\C:\\Users\\Rozag\\OneDrive\\Desktop\\Amazon-clone\\amazon-clone\\functions\\22164"}}
[debug] [2021-02-25T05:45:39.288Z] [worker-api-d0a93914-de2d-4e30-92de-0626e2a11046]: BUSY {"metadata":{"emulator":{"name":"functions"},"message":"[worker-api-d0a93914-de2d-4e30-92de-0626e2a11046]: BUSY"}}
[debug] [2021-02-25T05:45:39.288Z] [runtime-status] [22164] Trigger "api" has been found, beginning invocation! {"metadata":{"emulator":{"name":"functions"},"function":{"name":"api"},"message":"[runtime-status] [22164] Trigger \"api\" has been found, beginning invocation!"}}
[info] i  functions: Beginning execution of "api" {"metadata":{"emulator":{"name":"functions"},"function":{"name":"api"},"message":"Beginning execution of \"api\""}}
[debug] [2021-02-25T05:45:39.289Z] [runtime-status] [22164] triggerDefinition {"httpsTrigger":{},"name":"api","entryPoint":"api"} {"metadata":{"emulator":{"name":"functions"},"function":{"name":"api"},"message":"[runtime-status] [22164] triggerDefinition {\"httpsTrigger\":{},\"name\":\"api\",\"entryPoint\":\"api\"}"}}
[debug] [2021-02-25T05:45:39.289Z] [runtime-status] [22164] Running api in mode HTTPS {"metadata":{"emulator":{"name":"functions"},"function":{"name":"api"},"message":"[runtime-status] [22164] Running api in mode HTTPS"}}
[debug] [2021-02-25T05:45:39.289Z] [runtime-status] [22164] Attempting to listen to socketPath: \\?\pipe\C:\Users\Rozag\OneDrive\Desktop\Amazon-clone\amazon-clone\functions\22164 {"metadata":{"emulator":{"name":"functions"},"function":{"name":"api"},"message":"[runtime-status] [22164] Attempting to listen to socketPath: \\\\?\\pipe\\C:\\Users\\Rozag\\OneDrive\\Desktop\\Amazon-clone\\amazon-clone\\functions\\22164"}}
[debug] [2021-02-25T05:45:39.290Z] [functions] Runtime ready! Sending request! {"metadata":{"emulator":{"name":"functions"},"message":"[functions] Runtime ready! Sending request!"}}
[debug] [2021-02-25T05:45:39.290Z] [functions] Got req.url=/clone-46817/us-central1/api/payments/create?total=297098, mapping to path=/payments/create?total=297098 {"metadata":{"emulator":{"name":"functions"},"message":"[functions] Got req.url=/clone-46817/us-central1/api/payments/create?total=297098, mapping to path=/payments/create?total=297098"}}
[debug] [2021-02-25T05:45:39.293Z] [runtime-status] [22164] Ephemeral server handling POST request {"metadata":{"emulator":{"name":"functions"},"function":{"name":"api"},"message":"[runtime-status] [22164] Ephemeral server handling POST request"}}
[info] >  payment Request Reciveed for this amount>>> 297098 {"user":"payment Request Reciveed for this amount>>> 297098","metadata":{"emulator":{"name":"functions"},"function":{"name":"api"},"message":"\u001b[90m> \u001b[39m payment Request Reciveed for this amount>>> 297098"}}
[debug] [2021-02-25T05:45:39.303Z] [runtime-status] [22164] Ephemeral server survived. {"metadata":{"emulator":{"name":"functions"},"function":{"name":"api"},"message":"[runtime-status] [22164] Ephemeral server survived."}}
[info] i  functions: Finished "api" in ~1s {"metadata":{"emulator":{"name":"functions"},"function":{"name":"api"},"message":"Finished \"api\" in ~1s"}}
[debug] [2021-02-25T05:45:40.034Z] [worker-api-d0a93914-de2d-4e30-92de-0626e2a11046]: IDLE {"metadata":{"emulator":{"name":"functions"},"message":"[worker-api-d0a93914-de2d-4e30-92de-0626e2a11046]: IDLE"}}
[debug] [2021-02-25T05:45:40.034Z] [work-queue] {"queueLength":0,"workRunningCount":0}
[debug] [2021-02-25T06:24:00.113Z] [work-queue] {"queueLength":1,"workRunningCount":0}
[debug] [2021-02-25T06:24:00.120Z] [work-queue] {"queueLength":0,"workRunningCount":1}
[debug] [2021-02-25T06:24:00.121Z] Accepted request POST /clone-46817/us-central1/api/payments/create?total=354396 --> api
[debug] [2021-02-25T06:24:00.124Z] [worker-pool] submitWork(triggerId=api) {"metadata":{"emulator":{"name":"functions"},"message":"[worker-pool] submitWork(triggerId=api)"}}
[debug] [2021-02-25T06:24:00.125Z] [worker-api-d0a93914-de2d-4e30-92de-0626e2a11046]: Assigning socketPath: \\?\pipe\C:\Users\Rozag\OneDrive\Desktop\Amazon-clone\amazon-clone\functions\22164 {"metadata":{"emulator":{"name":"functions"},"message":"[worker-api-d0a93914-de2d-4e30-92de-0626e2a11046]: Assigning socketPath: \\\\?\\pipe\\C:\\Users\\Rozag\\OneDrive\\Desktop\\Amazon-clone\\amazon-clone\\functions\\22164"}}
[debug] [2021-02-25T06:24:00.127Z] [worker-api-d0a93914-de2d-4e30-92de-0626e2a11046]: BUSY {"metadata":{"emulator":{"name":"functions"},"message":"[worker-api-d0a93914-de2d-4e30-92de-0626e2a11046]: BUSY"}}
[debug] [2021-02-25T06:24:00.158Z] [runtime-status] [22164] Trigger "api" has been found, beginning invocation! {"metadata":{"emulator":{"name":"functions"},"function":{"name":"api"},"message":"[runtime-status] [22164] Trigger \"api\" has been found, beginning invocation!"}}
[info] i  functions: Beginning execution of "api" {"metadata":{"emulator":{"name":"functions"},"function":{"name":"api"},"message":"Beginning execution of \"api\""}}
[debug] [2021-02-25T06:24:00.165Z] [runtime-status] [22164] triggerDefinition {"httpsTrigger":{},"name":"api","entryPoint":"api"} {"metadata":{"emulator":{"name":"functions"},"function":{"name":"api"},"message":"[runtime-status] [22164] triggerDefinition {\"httpsTrigger\":{},\"name\":\"api\",\"entryPoint\":\"api\"}"}}
[debug] [2021-02-25T06:24:00.165Z] [runtime-status] [22164] Running api in mode HTTPS {"metadata":{"emulator":{"name":"functions"},"function":{"name":"api"},"message":"[runtime-status] [22164] Running api in mode HTTPS"}}
[debug] [2021-02-25T06:24:00.174Z] [runtime-status] [22164] Attempting to listen to socketPath: \\?\pipe\C:\Users\Rozag\OneDrive\Desktop\Amazon-clone\amazon-clone\functions\22164 {"metadata":{"emulator":{"name":"functions"},"function":{"name":"api"},"message":"[runtime-status] [22164] Attempting to listen to socketPath: \\\\?\\pipe\\C:\\Users\\Rozag\\OneDrive\\Desktop\\Amazon-clone\\amazon-clone\\functions\\22164"}}
[debug] [2021-02-25T06:24:00.188Z] [functions] Runtime ready! Sending request! {"metadata":{"emulator":{"name":"functions"},"message":"[functions] Runtime ready! Sending request!"}}
[debug] [2021-02-25T06:24:00.190Z] [functions] Got req.url=/clone-46817/us-central1/api/payments/create?total=354396, mapping to path=/payments/create?total=354396 {"metadata":{"emulator":{"name":"functions"},"message":"[functions] Got req.url=/clone-46817/us-central1/api/payments/create?total=354396, mapping to path=/payments/create?total=354396"}}
[debug] [2021-02-25T06:24:00.219Z] [runtime-status] [22164] Ephemeral server handling POST request {"metadata":{"emulator":{"name":"functions"},"function":{"name":"api"},"message":"[runtime-status] [22164] Ephemeral server handling POST request"}}
[info] >  payment Request Reciveed for this amount>>> 354396 {"user":"payment Request Reciveed for this amount>>> 354396","metadata":{"emulator":{"name":"functions"},"function":{"name":"api"},"message":"\u001b[90m> \u001b[39m payment Request Reciveed for this amount>>> 354396"}}
[debug] [2021-02-25T06:24:00.228Z] [runtime-status] [22164] Ephemeral server survived. {"metadata":{"emulator":{"name":"functions"},"function":{"name":"api"},"message":"[runtime-status] [22164] Ephemeral server survived."}}
[info] i  functions: Finished "api" in ~1s {"metadata":{"emulator":{"name":"functions"},"function":{"name":"api"},"message":"Finished \"api\" in ~1s"}}
[debug] [2021-02-25T06:24:00.615Z] [worker-api-d0a93914-de2d-4e30-92de-0626e2a11046]: IDLE {"metadata":{"emulator":{"name":"functions"},"message":"[worker-api-d0a93914-de2d-4e30-92de-0626e2a11046]: IDLE"}}
[debug] [2021-02-25T06:24:00.615Z] [work-queue] {"queueLength":0,"workRunningCount":0}
